0 info it worked if it ends with ok
1 verbose cli [ 'node',
1 verbose cli   '/usr/local/bin/npm',
1 verbose cli   'install',
1 verbose cli   'jhonny-five',
1 verbose cli   '--save' ]
2 info using npm@1.4.28
3 info using node@v0.10.35
4 warn package.json umidade-solo@1.0.0 No repository field.
5 warn package.json umidade-solo@1.0.0 No README data
6 verbose readDependencies using package.json deps
7 verbose cache add [ 'jhonny-five', null ]
8 verbose cache add name=undefined spec="jhonny-five" args=["jhonny-five",null]
9 verbose parsed url { protocol: null,
9 verbose parsed url   slashes: null,
9 verbose parsed url   auth: null,
9 verbose parsed url   host: null,
9 verbose parsed url   port: null,
9 verbose parsed url   hostname: null,
9 verbose parsed url   hash: null,
9 verbose parsed url   search: null,
9 verbose parsed url   query: null,
9 verbose parsed url   pathname: 'jhonny-five',
9 verbose parsed url   path: 'jhonny-five',
9 verbose parsed url   href: 'jhonny-five' }
10 silly lockFile abd8e2be-jhonny-five jhonny-five
11 verbose lock jhonny-five /Users/pedro/.npm/abd8e2be-jhonny-five.lock
12 silly lockFile abd8e2be-jhonny-five jhonny-five
13 silly lockFile abd8e2be-jhonny-five jhonny-five
14 verbose addNamed [ 'jhonny-five', '' ]
15 verbose addNamed [ null, '*' ]
16 silly lockFile ef123280-jhonny-five jhonny-five@
17 verbose lock jhonny-five@ /Users/pedro/.npm/ef123280-jhonny-five.lock
18 silly addNameRange { name: 'jhonny-five', range: '*', hasData: false }
19 verbose request where is /jhonny-five
20 verbose request registry https://registry.npmjs.org/
21 verbose request id 38fe38bc799ca68b
22 verbose url raw /jhonny-five
23 verbose url resolving [ 'https://registry.npmjs.org/', './jhonny-five' ]
24 verbose url resolved https://registry.npmjs.org/jhonny-five
25 verbose request where is https://registry.npmjs.org/jhonny-five
26 info trying registry request attempt 1 at 10:49:34
27 http GET https://registry.npmjs.org/jhonny-five
28 http 404 https://registry.npmjs.org/jhonny-five
29 verbose headers { date: 'Fri, 02 Jan 2015 12:49:35 GMT',
29 verbose headers   server: 'CouchDB/1.5.0 (Erlang OTP/R16B03)',
29 verbose headers   'content-type': 'application/json',
29 verbose headers   'cache-control': 'max-age=0',
29 verbose headers   'content-length': '52',
29 verbose headers   'accept-ranges': 'bytes',
29 verbose headers   via: '1.1 varnish',
29 verbose headers   age: '0',
29 verbose headers   'x-served-by': 'cache-jfk1027-JFK',
29 verbose headers   'x-cache': 'MISS',
29 verbose headers   'x-cache-hits': '0',
29 verbose headers   'x-timer': 'S1420202975.650278,VS0,VE17',
29 verbose headers   'keep-alive': 'timeout=10, max=50',
29 verbose headers   connection: 'Keep-Alive' }
30 silly registry.get cb [ 404,
30 silly registry.get   { date: 'Fri, 02 Jan 2015 12:49:35 GMT',
30 silly registry.get     server: 'CouchDB/1.5.0 (Erlang OTP/R16B03)',
30 silly registry.get     'content-type': 'application/json',
30 silly registry.get     'cache-control': 'max-age=0',
30 silly registry.get     'content-length': '52',
30 silly registry.get     'accept-ranges': 'bytes',
30 silly registry.get     via: '1.1 varnish',
30 silly registry.get     age: '0',
30 silly registry.get     'x-served-by': 'cache-jfk1027-JFK',
30 silly registry.get     'x-cache': 'MISS',
30 silly registry.get     'x-cache-hits': '0',
30 silly registry.get     'x-timer': 'S1420202975.650278,VS0,VE17',
30 silly registry.get     'keep-alive': 'timeout=10, max=50',
30 silly registry.get     connection: 'Keep-Alive' } ]
31 silly lockFile ef123280-jhonny-five jhonny-five@
32 silly lockFile ef123280-jhonny-five jhonny-five@
33 error 404 404 Not Found: jhonny-five
33 error 404
33 error 404 'jhonny-five' is not in the npm registry.
33 error 404 You should bug the author to publish it
33 error 404 It was specified as a dependency of 'umidade-solo'
33 error 404
33 error 404 Note that you can also install from a
33 error 404 tarball, folder, or http url, or git url.
34 error System Darwin 14.0.0
35 error command "node" "/usr/local/bin/npm" "install" "jhonny-five" "--save"
36 error cwd /Users/pedro/Documents/Node.Js projetos/umidade-solo
37 error node -v v0.10.35
38 error npm -v 1.4.28
39 error code E404
40 verbose exit [ 1, true ]
